<?xml version="1.0" encoding="UTF-8"?>
<testsuite xmlns:xsi="http://www.w3.org/2001/XMLSchema-instance" xsi:noNamespaceSchemaLocation="https://maven.apache.org/surefire/maven-surefire-plugin/xsd/surefire-test-report-3.0.xsd" version="3.0" name="com.example.model.QuadTreeTest" time="0.006" tests="1" errors="0" skipped="0" failures="0">
  <properties>
    <property name="java.specification.version" value="23"/>
    <property name="sun.jnu.encoding" value="UTF-8"/>
    <property name="java.class.path" value="/Users/anthony/Desktop/myproject/backend/target/test-classes:/Users/anthony/Desktop/myproject/backend/target/classes:/Users/anthony/.m2/repository/javax/websocket/javax.websocket-api/1.1/javax.websocket-api-1.1.jar:/Users/anthony/.m2/repository/org/glassfish/tyrus/tyrus-server/1.17/tyrus-server-1.17.jar:/Users/anthony/.m2/repository/org/glassfish/tyrus/tyrus-client/1.17/tyrus-client-1.17.jar:/Users/anthony/.m2/repository/org/glassfish/tyrus/tyrus-core/1.17/tyrus-core-1.17.jar:/Users/anthony/.m2/repository/org/glassfish/tyrus/tyrus-spi/1.17/tyrus-spi-1.17.jar:/Users/anthony/.m2/repository/jakarta/xml/bind/jakarta.xml.bind-api/2.3.2/jakarta.xml.bind-api-2.3.2.jar:/Users/anthony/.m2/repository/jakarta/activation/jakarta.activation-api/1.2.1/jakarta.activation-api-1.2.1.jar:/Users/anthony/.m2/repository/org/glassfish/tyrus/tyrus-container-grizzly-client/1.17/tyrus-container-grizzly-client-1.17.jar:/Users/anthony/.m2/repository/org/glassfish/tyrus/tyrus-container-grizzly-server/1.17/tyrus-container-grizzly-server-1.17.jar:/Users/anthony/.m2/repository/org/glassfish/grizzly/grizzly-framework/2.3.22/grizzly-framework-2.3.22.jar:/Users/anthony/.m2/repository/org/glassfish/grizzly/grizzly-http-server/2.3.22/grizzly-http-server-2.3.22.jar:/Users/anthony/.m2/repository/org/glassfish/grizzly/grizzly-http/2.3.22/grizzly-http-2.3.22.jar:/Users/anthony/.m2/repository/com/google/code/gson/gson/2.9.0/gson-2.9.0.jar:/Users/anthony/.m2/repository/net/bytebuddy/byte-buddy/1.14.10/byte-buddy-1.14.10.jar:/Users/anthony/.m2/repository/org/junit/jupiter/junit-jupiter/5.9.2/junit-jupiter-5.9.2.jar:/Users/anthony/.m2/repository/org/junit/jupiter/junit-jupiter-params/5.9.2/junit-jupiter-params-5.9.2.jar:/Users/anthony/.m2/repository/org/junit/jupiter/junit-jupiter-api/5.9.2/junit-jupiter-api-5.9.2.jar:/Users/anthony/.m2/repository/org/opentest4j/opentest4j/1.2.0/opentest4j-1.2.0.jar:/Users/anthony/.m2/repository/org/junit/platform/junit-platform-commons/1.9.2/junit-platform-commons-1.9.2.jar:/Users/anthony/.m2/repository/org/apiguardian/apiguardian-api/1.1.2/apiguardian-api-1.1.2.jar:/Users/anthony/.m2/repository/org/junit/jupiter/junit-jupiter-engine/5.9.2/junit-jupiter-engine-5.9.2.jar:/Users/anthony/.m2/repository/org/junit/platform/junit-platform-engine/1.9.2/junit-platform-engine-1.9.2.jar:/Users/anthony/.m2/repository/org/mockito/mockito-core/5.8.0/mockito-core-5.8.0.jar:/Users/anthony/.m2/repository/net/bytebuddy/byte-buddy-agent/1.14.10/byte-buddy-agent-1.14.10.jar:/Users/anthony/.m2/repository/org/objenesis/objenesis/3.3/objenesis-3.3.jar:/Users/anthony/.m2/repository/org/mockito/mockito-junit-jupiter/5.8.0/mockito-junit-jupiter-5.8.0.jar:"/>
    <property name="java.vm.vendor" value="Homebrew"/>
    <property name="sun.arch.data.model" value="64"/>
    <property name="net.bytebuddy.experimental" value="false"/>
    <property name="java.vendor.url" value="https://github.com/Homebrew/homebrew-core/issues"/>
    <property name="user.timezone" value="Europe/Paris"/>
    <property name="os.name" value="Mac OS X"/>
    <property name="java.vm.specification.version" value="23"/>
    <property name="sun.java.launcher" value="SUN_STANDARD"/>
    <property name="user.country" value="FR"/>
    <property name="sun.boot.library.path" value="/usr/local/Cellar/openjdk/23.0.1/libexec/openjdk.jdk/Contents/Home/lib"/>
    <property name="sun.java.command" value="/Users/anthony/Desktop/myproject/backend/target/surefire/surefirebooter-20250303112037719_3.jar /Users/anthony/Desktop/myproject/backend/target/surefire 2025-03-03T11-20-37_430-jvmRun1 surefire-20250303112037719_1tmp surefire_0-20250303112037719_2tmp"/>
    <property name="http.nonProxyHosts" value="local|*.local|169.254/16|*.169.254/16"/>
    <property name="jdk.debug" value="release"/>
    <property name="surefire.test.class.path" value="/Users/anthony/Desktop/myproject/backend/target/test-classes:/Users/anthony/Desktop/myproject/backend/target/classes:/Users/anthony/.m2/repository/javax/websocket/javax.websocket-api/1.1/javax.websocket-api-1.1.jar:/Users/anthony/.m2/repository/org/glassfish/tyrus/tyrus-server/1.17/tyrus-server-1.17.jar:/Users/anthony/.m2/repository/org/glassfish/tyrus/tyrus-client/1.17/tyrus-client-1.17.jar:/Users/anthony/.m2/repository/org/glassfish/tyrus/tyrus-core/1.17/tyrus-core-1.17.jar:/Users/anthony/.m2/repository/org/glassfish/tyrus/tyrus-spi/1.17/tyrus-spi-1.17.jar:/Users/anthony/.m2/repository/jakarta/xml/bind/jakarta.xml.bind-api/2.3.2/jakarta.xml.bind-api-2.3.2.jar:/Users/anthony/.m2/repository/jakarta/activation/jakarta.activation-api/1.2.1/jakarta.activation-api-1.2.1.jar:/Users/anthony/.m2/repository/org/glassfish/tyrus/tyrus-container-grizzly-client/1.17/tyrus-container-grizzly-client-1.17.jar:/Users/anthony/.m2/repository/org/glassfish/tyrus/tyrus-container-grizzly-server/1.17/tyrus-container-grizzly-server-1.17.jar:/Users/anthony/.m2/repository/org/glassfish/grizzly/grizzly-framework/2.3.22/grizzly-framework-2.3.22.jar:/Users/anthony/.m2/repository/org/glassfish/grizzly/grizzly-http-server/2.3.22/grizzly-http-server-2.3.22.jar:/Users/anthony/.m2/repository/org/glassfish/grizzly/grizzly-http/2.3.22/grizzly-http-2.3.22.jar:/Users/anthony/.m2/repository/com/google/code/gson/gson/2.9.0/gson-2.9.0.jar:/Users/anthony/.m2/repository/net/bytebuddy/byte-buddy/1.14.10/byte-buddy-1.14.10.jar:/Users/anthony/.m2/repository/org/junit/jupiter/junit-jupiter/5.9.2/junit-jupiter-5.9.2.jar:/Users/anthony/.m2/repository/org/junit/jupiter/junit-jupiter-params/5.9.2/junit-jupiter-params-5.9.2.jar:/Users/anthony/.m2/repository/org/junit/jupiter/junit-jupiter-api/5.9.2/junit-jupiter-api-5.9.2.jar:/Users/anthony/.m2/repository/org/opentest4j/opentest4j/1.2.0/opentest4j-1.2.0.jar:/Users/anthony/.m2/repository/org/junit/platform/junit-platform-commons/1.9.2/junit-platform-commons-1.9.2.jar:/Users/anthony/.m2/repository/org/apiguardian/apiguardian-api/1.1.2/apiguardian-api-1.1.2.jar:/Users/anthony/.m2/repository/org/junit/jupiter/junit-jupiter-engine/5.9.2/junit-jupiter-engine-5.9.2.jar:/Users/anthony/.m2/repository/org/junit/platform/junit-platform-engine/1.9.2/junit-platform-engine-1.9.2.jar:/Users/anthony/.m2/repository/org/mockito/mockito-core/5.8.0/mockito-core-5.8.0.jar:/Users/anthony/.m2/repository/net/bytebuddy/byte-buddy-agent/1.14.10/byte-buddy-agent-1.14.10.jar:/Users/anthony/.m2/repository/org/objenesis/objenesis/3.3/objenesis-3.3.jar:/Users/anthony/.m2/repository/org/mockito/mockito-junit-jupiter/5.8.0/mockito-junit-jupiter-5.8.0.jar:"/>
    <property name="sun.cpu.endian" value="little"/>
    <property name="user.home" value="/Users/anthony"/>
    <property name="user.language" value="fr"/>
    <property name="java.specification.vendor" value="Oracle Corporation"/>
    <property name="java.version.date" value="2024-10-15"/>
    <property name="java.home" value="/usr/local/Cellar/openjdk/23.0.1/libexec/openjdk.jdk/Contents/Home"/>
    <property name="file.separator" value="/"/>
    <property name="basedir" value="/Users/anthony/Desktop/myproject/backend"/>
    <property name="java.vm.compressedOopsMode" value="Zero based"/>
    <property name="line.separator" value="&#10;"/>
    <property name="java.vm.specification.vendor" value="Oracle Corporation"/>
    <property name="java.specification.name" value="Java Platform API Specification"/>
    <property name="apple.awt.application.name" value="ForkedBooter"/>
    <property name="surefire.real.class.path" value="/Users/anthony/Desktop/myproject/backend/target/surefire/surefirebooter-20250303112037719_3.jar"/>
    <property name="sun.management.compiler" value="HotSpot 64-Bit Tiered Compilers"/>
    <property name="ftp.nonProxyHosts" value="local|*.local|169.254/16|*.169.254/16"/>
    <property name="java.runtime.version" value="23.0.1"/>
    <property name="user.name" value="anthony"/>
    <property name="stdout.encoding" value="UTF-8"/>
    <property name="path.separator" value=":"/>
    <property name="os.version" value="15.3.1"/>
    <property name="java.runtime.name" value="OpenJDK Runtime Environment"/>
    <property name="file.encoding" value="UTF-8"/>
    <property name="java.vm.name" value="OpenJDK 64-Bit Server VM"/>
    <property name="java.vendor.version" value="Homebrew"/>
    <property name="localRepository" value="/Users/anthony/.m2/repository"/>
    <property name="java.vendor.url.bug" value="https://github.com/Homebrew/homebrew-core/issues"/>
    <property name="java.io.tmpdir" value="/var/folders/lw/njlkbff951g53l17kvnx4_lm0000gn/T/"/>
    <property name="java.version" value="23.0.1"/>
    <property name="user.dir" value="/Users/anthony/Desktop/myproject/backend"/>
    <property name="os.arch" value="x86_64"/>
    <property name="java.vm.specification.name" value="Java Virtual Machine Specification"/>
    <property name="native.encoding" value="UTF-8"/>
    <property name="java.library.path" value="/Users/anthony/Library/Java/Extensions:/Library/Java/Extensions:/Network/Library/Java/Extensions:/System/Library/Java/Extensions:/usr/lib/java:."/>
    <property name="java.vm.info" value="mixed mode, sharing"/>
    <property name="stderr.encoding" value="UTF-8"/>
    <property name="java.vendor" value="Homebrew"/>
    <property name="java.vm.version" value="23.0.1"/>
    <property name="sun.io.unicode.encoding" value="UnicodeBig"/>
    <property name="socksNonProxyHosts" value="local|*.local|169.254/16|*.169.254/16"/>
    <property name="java.class.version" value="67.0"/>
  </properties>
  <testcase name="testQuadTreeInitialization" classname="com.example.model.QuadTreeTest" time="0.002"/>
</testsuite>